<?xml version="1.0" encoding="UTF-8"?>
<!-- Generated by org.testng.reporters.JUnitXMLReporter -->
<testsuite ignored="16" hostname="DESKTOP-ITT96FI" failures="3" tests="10" name="Test" time="991.499" errors="0" timestamp="2024-12-19T18:08:59 IST">
  <testcase classname="test.TC001_CreateAccount" name="CreateAccountTest" time="45.279"/>
  <testcase classname="test.TC006_ValidateSearchAndAdd" name="ValidateShoingCart" time="65.789">
    <failure type="org.openqa.selenium.NoSuchElementException" message="no such element: Unable to locate element: {&amp;quot;method&amp;quot;:&amp;quot;xpath&amp;quot;,&amp;quot;selector&amp;quot;:&amp;quot;(//a[text()=&amp;apos;See Details&amp;apos;])[1]&amp;quot;}
  (Session info: chrome=131.0.6778.140)
For documentation on this error, please visit: https://www.selenium.dev/documentation/webdriver/troubleshooting/errors#no-such-element-exception
Build info: version: &amp;apos;4.22.0&amp;apos;, revision: &amp;apos;c5f3146703*&amp;apos;
System info: os.name: &amp;apos;Windows 10&amp;apos;, os.arch: &amp;apos;amd64&amp;apos;, os.version: &amp;apos;10.0&amp;apos;, java.version: &amp;apos;17.0.2&amp;apos;
Driver info: org.openqa.selenium.chrome.ChromeDriver
Command: [46d4748e0fa73c8eeac3366639dd3753, findElement {using=xpath, value=(//a[text()=&amp;apos;See Details&amp;apos;])[1]}]
Capabilities {acceptInsecureCerts: false, browserName: chrome, browserVersion: 131.0.6778.140, chrome: {chromedriverVersion: 131.0.6778.204 (52183f9e99a..., userDataDir: C:\Users\prerna\AppData\Loc...}, fedcm:accounts: true, goog:chromeOptions: {debuggerAddress: localhost:55992}, networkConnectionEnabled: false, pageLoadStrategy: normal, platformName: windows, proxy: Proxy(), se:cdp: ws://localhost:55992/devtoo..., se:cdpVersion: 131.0.6778.140, setWindowRect: true, strictFileInteractability: false, timeouts: {implicit: 0, pageLoad: 300000, script: 30000}, unhandledPromptBehavior: dismiss and notify, webauthn:extension:credBlob: true, webauthn:extension:largeBlob: true, webauthn:extension:minPinLength: true, webauthn:extension:prf: true, webauthn:virtualAuthenticators: true}
Session ID: 46d4748e0fa73c8eeac3366639dd3753">
      <![CDATA[org.openqa.selenium.NoSuchElementException: no such element: Unable to locate element: {"method":"xpath","selector":"(//a[text()='See Details'])[1]"}
  (Session info: chrome=131.0.6778.140)
For documentation on this error, please visit: https://www.selenium.dev/documentation/webdriver/troubleshooting/errors#no-such-element-exception
Build info: version: '4.22.0', revision: 'c5f3146703*'
System info: os.name: 'Windows 10', os.arch: 'amd64', os.version: '10.0', java.version: '17.0.2'
Driver info: org.openqa.selenium.chrome.ChromeDriver
Command: [46d4748e0fa73c8eeac3366639dd3753, findElement {using=xpath, value=(//a[text()='See Details'])[1]}]
Capabilities {acceptInsecureCerts: false, browserName: chrome, browserVersion: 131.0.6778.140, chrome: {chromedriverVersion: 131.0.6778.204 (52183f9e99a..., userDataDir: C:\Users\prerna\AppData\Loc...}, fedcm:accounts: true, goog:chromeOptions: {debuggerAddress: localhost:55992}, networkConnectionEnabled: false, pageLoadStrategy: normal, platformName: windows, proxy: Proxy(), se:cdp: ws://localhost:55992/devtoo..., se:cdpVersion: 131.0.6778.140, setWindowRect: true, strictFileInteractability: false, timeouts: {implicit: 0, pageLoad: 300000, script: 30000}, unhandledPromptBehavior: dismiss and notify, webauthn:extension:credBlob: true, webauthn:extension:largeBlob: true, webauthn:extension:minPinLength: true, webauthn:extension:prf: true, webauthn:virtualAuthenticators: true}
Session ID: 46d4748e0fa73c8eeac3366639dd3753
at org.openqa.selenium.remote.ErrorCodec.decode(ErrorCodec.java:167)
at org.openqa.selenium.remote.codec.w3c.W3CHttpResponseCodec.decode(W3CHttpResponseCodec.java:138)
at org.openqa.selenium.remote.codec.w3c.W3CHttpResponseCodec.decode(W3CHttpResponseCodec.java:50)
at org.openqa.selenium.remote.HttpCommandExecutor.execute(HttpCommandExecutor.java:190)
at org.openqa.selenium.remote.service.DriverCommandExecutor.invokeExecute(DriverCommandExecutor.java:216)
at org.openqa.selenium.remote.service.DriverCommandExecutor.execute(DriverCommandExecutor.java:174)
at org.openqa.selenium.remote.RemoteWebDriver.execute(RemoteWebDriver.java:518)
at org.openqa.selenium.remote.ElementLocation$ElementFinder$2.findElement(ElementLocation.java:165)
at org.openqa.selenium.remote.ElementLocation.findElement(ElementLocation.java:59)
at org.openqa.selenium.remote.RemoteWebDriver.findElement(RemoteWebDriver.java:355)
at org.openqa.selenium.remote.RemoteWebDriver.findElement(RemoteWebDriver.java:349)
at org.openqa.selenium.support.pagefactory.DefaultElementLocator.findElement(DefaultElementLocator.java:68)
at org.openqa.selenium.support.pagefactory.internal.LocatingElementHandler.invoke(LocatingElementHandler.java:38)
at jdk.proxy2/jdk.proxy2.$Proxy19.click(Unknown Source)
at pages.ShoppingCart.ValidateSearchAndAdd(ShoppingCart.java:77)
at test.TC006_ValidateSearchAndAdd.ValidateShoingCart(TC006_ValidateSearchAndAdd.java:26)
at java.base/java.util.ArrayList.forEach(ArrayList.java:1511)
... Removed 36 stack frames]]>
    </failure>
  </testcase> <!-- ValidateShoingCart -->
  <testcase classname="test.TC008_ValidateAddItemFromBrand" name="ValidateShoingCart" time="30.754"/>
  <testcase classname="test.TC002_ValidateBrokenLink" name="FindBrokenLink" time="10.389"/>
  <testcase classname="test.TC007_ValidateAddItemFromDept" name="ValidateShoingCart" time="72.425">
    <failure type="org.openqa.selenium.ElementClickInterceptedException" message="element click intercepted: Element &amp;lt;span class=&amp;quot;cart-label&amp;quot;&amp;gt;...&amp;lt;/span&amp;gt; is not clickable at point (1287, 109). Other element would receive the click: &amp;lt;div class=&amp;quot;c-modal-window imp-centered-modal active&amp;quot; tabindex=&amp;quot;-1&amp;quot; data-testid=&amp;quot;centered-modal&amp;quot;&amp;gt;...&amp;lt;/div&amp;gt;
  (Session info: chrome=131.0.6778.140)
Build info: version: &amp;apos;4.22.0&amp;apos;, revision: &amp;apos;c5f3146703*&amp;apos;
System info: os.name: &amp;apos;Windows 10&amp;apos;, os.arch: &amp;apos;amd64&amp;apos;, os.version: &amp;apos;10.0&amp;apos;, java.version: &amp;apos;17.0.2&amp;apos;
Driver info: org.openqa.selenium.chrome.ChromeDriver
Command: [1c26f40eca261ab92405479c3f0f4f08, clickElement {id=f.3E63CE69C5B036DF1F1D4686674B423E.d.BB4925EEBDEEE6091D718BA9014EE237.e.450}]
Capabilities {acceptInsecureCerts: false, browserName: chrome, browserVersion: 131.0.6778.140, chrome: {chromedriverVersion: 131.0.6778.204 (52183f9e99a..., userDataDir: C:\Users\prerna\AppData\Loc...}, fedcm:accounts: true, goog:chromeOptions: {debuggerAddress: localhost:57109}, networkConnectionEnabled: false, pageLoadStrategy: normal, platformName: windows, proxy: Proxy(), se:cdp: ws://localhost:57109/devtoo..., se:cdpVersion: 131.0.6778.140, setWindowRect: true, strictFileInteractability: false, timeouts: {implicit: 0, pageLoad: 300000, script: 30000}, unhandledPromptBehavior: dismiss and notify, webauthn:extension:credBlob: true, webauthn:extension:largeBlob: true, webauthn:extension:minPinLength: true, webauthn:extension:prf: true, webauthn:virtualAuthenticators: true}
Element: [[ChromeDriver: chrome on windows (1c26f40eca261ab92405479c3f0f4f08)] -&amp;gt; xpath: //span[text()=&amp;apos;Cart&amp;apos;]]
Session ID: 1c26f40eca261ab92405479c3f0f4f08">
      <![CDATA[org.openqa.selenium.ElementClickInterceptedException: element click intercepted: Element <span class="cart-label">...</span> is not clickable at point (1287, 109). Other element would receive the click: <div class="c-modal-window imp-centered-modal active" tabindex="-1" data-testid="centered-modal">...</div>
  (Session info: chrome=131.0.6778.140)
Build info: version: '4.22.0', revision: 'c5f3146703*'
System info: os.name: 'Windows 10', os.arch: 'amd64', os.version: '10.0', java.version: '17.0.2'
Driver info: org.openqa.selenium.chrome.ChromeDriver
Command: [1c26f40eca261ab92405479c3f0f4f08, clickElement {id=f.3E63CE69C5B036DF1F1D4686674B423E.d.BB4925EEBDEEE6091D718BA9014EE237.e.450}]
Capabilities {acceptInsecureCerts: false, browserName: chrome, browserVersion: 131.0.6778.140, chrome: {chromedriverVersion: 131.0.6778.204 (52183f9e99a..., userDataDir: C:\Users\prerna\AppData\Loc...}, fedcm:accounts: true, goog:chromeOptions: {debuggerAddress: localhost:57109}, networkConnectionEnabled: false, pageLoadStrategy: normal, platformName: windows, proxy: Proxy(), se:cdp: ws://localhost:57109/devtoo..., se:cdpVersion: 131.0.6778.140, setWindowRect: true, strictFileInteractability: false, timeouts: {implicit: 0, pageLoad: 300000, script: 30000}, unhandledPromptBehavior: dismiss and notify, webauthn:extension:credBlob: true, webauthn:extension:largeBlob: true, webauthn:extension:minPinLength: true, webauthn:extension:prf: true, webauthn:virtualAuthenticators: true}
Element: [[ChromeDriver: chrome on windows (1c26f40eca261ab92405479c3f0f4f08)] -> xpath: //span[text()='Cart']]
Session ID: 1c26f40eca261ab92405479c3f0f4f08
at org.openqa.selenium.remote.ErrorCodec.decode(ErrorCodec.java:167)
at org.openqa.selenium.remote.codec.w3c.W3CHttpResponseCodec.decode(W3CHttpResponseCodec.java:138)
at org.openqa.selenium.remote.codec.w3c.W3CHttpResponseCodec.decode(W3CHttpResponseCodec.java:50)
at org.openqa.selenium.remote.HttpCommandExecutor.execute(HttpCommandExecutor.java:190)
at org.openqa.selenium.remote.service.DriverCommandExecutor.invokeExecute(DriverCommandExecutor.java:216)
at org.openqa.selenium.remote.service.DriverCommandExecutor.execute(DriverCommandExecutor.java:174)
at org.openqa.selenium.remote.RemoteWebDriver.execute(RemoteWebDriver.java:518)
at org.openqa.selenium.remote.RemoteWebElement.execute(RemoteWebElement.java:223)
at org.openqa.selenium.remote.RemoteWebElement.click(RemoteWebElement.java:76)
at org.openqa.selenium.support.pagefactory.internal.LocatingElementHandler.invoke(LocatingElementHandler.java:51)
at jdk.proxy2/jdk.proxy2.$Proxy19.click(Unknown Source)
at pages.ShoppingCart.cart(ShoppingCart.java:134)
at test.TC007_ValidateAddItemFromDept.ValidateShoingCart(TC007_ValidateAddItemFromDept.java:33)
at java.base/java.util.ArrayList.forEach(ArrayList.java:1511)
... Removed 39 stack frames]]>
    </failure>
  </testcase> <!-- ValidateShoingCart -->
  <testcase classname="test.TC009_NavigateToCheckOut" name="ValidateShoingCart" time="54.108">
    <failure type="org.openqa.selenium.ElementClickInterceptedException" message="element click intercepted: Element &amp;lt;button class=&amp;quot;btn btn-lg btn-block btn-primary&amp;quot; type=&amp;quot;button&amp;quot; data-track=&amp;quot;... - Top&amp;quot;&amp;gt;Checkout&amp;lt;/button&amp;gt; is not clickable at point (1151, 492). Other element would receive the click: &amp;lt;div class=&amp;quot;container&amp;quot; role=&amp;quot;document&amp;quot;&amp;gt;...&amp;lt;/div&amp;gt;
  (Session info: chrome=131.0.6778.140)
Build info: version: &amp;apos;4.22.0&amp;apos;, revision: &amp;apos;c5f3146703*&amp;apos;
System info: os.name: &amp;apos;Windows 10&amp;apos;, os.arch: &amp;apos;amd64&amp;apos;, os.version: &amp;apos;10.0&amp;apos;, java.version: &amp;apos;17.0.2&amp;apos;
Driver info: org.openqa.selenium.chrome.ChromeDriver
Command: [d8cb6a5ca8236e2476910e6b51115688, clickElement {id=f.B0E8AB0ED370703BDA31422F88426616.d.D38833B861554EEC6FB3C499E756F946.e.472}]
Capabilities {acceptInsecureCerts: false, browserName: chrome, browserVersion: 131.0.6778.140, chrome: {chromedriverVersion: 131.0.6778.204 (52183f9e99a..., userDataDir: C:\Users\prerna\AppData\Loc...}, fedcm:accounts: true, goog:chromeOptions: {debuggerAddress: localhost:57992}, networkConnectionEnabled: false, pageLoadStrategy: normal, platformName: windows, proxy: Proxy(), se:cdp: ws://localhost:57992/devtoo..., se:cdpVersion: 131.0.6778.140, setWindowRect: true, strictFileInteractability: false, timeouts: {implicit: 0, pageLoad: 300000, script: 30000}, unhandledPromptBehavior: dismiss and notify, webauthn:extension:credBlob: true, webauthn:extension:largeBlob: true, webauthn:extension:minPinLength: true, webauthn:extension:prf: true, webauthn:virtualAuthenticators: true}
Element: [[ChromeDriver: chrome on windows (d8cb6a5ca8236e2476910e6b51115688)] -&amp;gt; xpath: //button[@class=&amp;apos;btn btn-lg btn-block btn-primary&amp;apos;]]
Session ID: d8cb6a5ca8236e2476910e6b51115688">
      <![CDATA[org.openqa.selenium.ElementClickInterceptedException: element click intercepted: Element <button class="btn btn-lg btn-block btn-primary" type="button" data-track="... - Top">Checkout</button> is not clickable at point (1151, 492). Other element would receive the click: <div class="container" role="document">...</div>
  (Session info: chrome=131.0.6778.140)
Build info: version: '4.22.0', revision: 'c5f3146703*'
System info: os.name: 'Windows 10', os.arch: 'amd64', os.version: '10.0', java.version: '17.0.2'
Driver info: org.openqa.selenium.chrome.ChromeDriver
Command: [d8cb6a5ca8236e2476910e6b51115688, clickElement {id=f.B0E8AB0ED370703BDA31422F88426616.d.D38833B861554EEC6FB3C499E756F946.e.472}]
Capabilities {acceptInsecureCerts: false, browserName: chrome, browserVersion: 131.0.6778.140, chrome: {chromedriverVersion: 131.0.6778.204 (52183f9e99a..., userDataDir: C:\Users\prerna\AppData\Loc...}, fedcm:accounts: true, goog:chromeOptions: {debuggerAddress: localhost:57992}, networkConnectionEnabled: false, pageLoadStrategy: normal, platformName: windows, proxy: Proxy(), se:cdp: ws://localhost:57992/devtoo..., se:cdpVersion: 131.0.6778.140, setWindowRect: true, strictFileInteractability: false, timeouts: {implicit: 0, pageLoad: 300000, script: 30000}, unhandledPromptBehavior: dismiss and notify, webauthn:extension:credBlob: true, webauthn:extension:largeBlob: true, webauthn:extension:minPinLength: true, webauthn:extension:prf: true, webauthn:virtualAuthenticators: true}
Element: [[ChromeDriver: chrome on windows (d8cb6a5ca8236e2476910e6b51115688)] -> xpath: //button[@class='btn btn-lg btn-block btn-primary']]
Session ID: d8cb6a5ca8236e2476910e6b51115688
at org.openqa.selenium.remote.ErrorCodec.decode(ErrorCodec.java:167)
at org.openqa.selenium.remote.codec.w3c.W3CHttpResponseCodec.decode(W3CHttpResponseCodec.java:138)
at org.openqa.selenium.remote.codec.w3c.W3CHttpResponseCodec.decode(W3CHttpResponseCodec.java:50)
at org.openqa.selenium.remote.HttpCommandExecutor.execute(HttpCommandExecutor.java:190)
at org.openqa.selenium.remote.service.DriverCommandExecutor.invokeExecute(DriverCommandExecutor.java:216)
at org.openqa.selenium.remote.service.DriverCommandExecutor.execute(DriverCommandExecutor.java:174)
at org.openqa.selenium.remote.RemoteWebDriver.execute(RemoteWebDriver.java:518)
at org.openqa.selenium.remote.RemoteWebElement.execute(RemoteWebElement.java:223)
at org.openqa.selenium.remote.RemoteWebElement.click(RemoteWebElement.java:76)
at org.openqa.selenium.support.pagefactory.internal.LocatingElementHandler.invoke(LocatingElementHandler.java:51)
at jdk.proxy2/jdk.proxy2.$Proxy19.click(Unknown Source)
at pages.ShoppingCart.Checkout(ShoppingCart.java:143)
at test.TC009_NavigateToCheckOut.ValidateShoingCart(TC009_NavigateToCheckOut.java:36)
at java.base/java.util.ArrayList.forEach(ArrayList.java:1511)
... Removed 39 stack frames]]>
    </failure>
  </testcase> <!-- ValidateShoingCart -->
  <testcase classname="test.TC003_ValidateBrokenBottomLink" name="BottomLinks" time="489.228"/>
  <testcase classname="test.TC004_ValidateSignUp" name="SignUpTest" time="23.7"/>
  <testcase classname="test.TC004_ValidateSignUp" name="SignUpTest" time="24.247"/>
  <testcase classname="test.TC005_ValidateMenuOnEachPage" name="ValidateEachMeuUnderMainmenu" time="93.98"/>
  <testcase classname="base.ProjectSpecificMethods" name="@BeforeSuite reportInitilization" time="0.0">
    <ignored/>
  </testcase> <!-- @BeforeSuite reportInitilization -->
  <testcase classname="base.ProjectSpecificMethods" name="@AfterSuite reportClose" time="0.0">
    <ignored/>
  </testcase> <!-- @AfterSuite reportClose -->
  <testcase classname="base.ProjectSpecificMethods" name="@BeforeSuite reportInitilization" time="0.0">
    <ignored/>
  </testcase> <!-- @BeforeSuite reportInitilization -->
  <testcase classname="base.ProjectSpecificMethods" name="@AfterSuite reportClose" time="0.0">
    <ignored/>
  </testcase> <!-- @AfterSuite reportClose -->
  <testcase classname="base.ProjectSpecificMethods" name="@AfterSuite reportClose" time="0.0">
    <ignored/>
  </testcase> <!-- @AfterSuite reportClose -->
  <testcase classname="base.ProjectSpecificMethods" name="@BeforeSuite reportInitilization" time="0.0">
    <ignored/>
  </testcase> <!-- @BeforeSuite reportInitilization -->
  <testcase classname="base.ProjectSpecificMethods" name="@BeforeSuite reportInitilization" time="0.0">
    <ignored/>
  </testcase> <!-- @BeforeSuite reportInitilization -->
  <testcase classname="base.ProjectSpecificMethods" name="@BeforeSuite reportInitilization" time="0.0">
    <ignored/>
  </testcase> <!-- @BeforeSuite reportInitilization -->
  <testcase classname="base.ProjectSpecificMethods" name="@AfterSuite reportClose" time="0.0">
    <ignored/>
  </testcase> <!-- @AfterSuite reportClose -->
  <testcase classname="base.ProjectSpecificMethods" name="@AfterSuite reportClose" time="0.0">
    <ignored/>
  </testcase> <!-- @AfterSuite reportClose -->
  <testcase classname="base.ProjectSpecificMethods" name="@BeforeSuite reportInitilization" time="0.0">
    <ignored/>
  </testcase> <!-- @BeforeSuite reportInitilization -->
  <testcase classname="base.ProjectSpecificMethods" name="@BeforeSuite reportInitilization" time="0.0">
    <ignored/>
  </testcase> <!-- @BeforeSuite reportInitilization -->
  <testcase classname="base.ProjectSpecificMethods" name="@AfterSuite reportClose" time="0.0">
    <ignored/>
  </testcase> <!-- @AfterSuite reportClose -->
  <testcase classname="base.ProjectSpecificMethods" name="@AfterSuite reportClose" time="0.0">
    <ignored/>
  </testcase> <!-- @AfterSuite reportClose -->
  <testcase classname="base.ProjectSpecificMethods" name="@AfterSuite reportClose" time="0.0">
    <ignored/>
  </testcase> <!-- @AfterSuite reportClose -->
  <testcase classname="base.ProjectSpecificMethods" name="@BeforeSuite reportInitilization" time="0.0">
    <ignored/>
  </testcase> <!-- @BeforeSuite reportInitilization -->
</testsuite> <!-- Test -->
