<?xml version="1.0" encoding="UTF-8"?>
<testng-results ignored="0" total="10" passed="7" failed="3" skipped="0">
  <reporter-output>
  </reporter-output>
  <suite started-at="2024-12-19T17:52:27 IST" name="Suite" finished-at="2024-12-19T18:08:59 IST" duration-ms="991499">
    <groups>
    </groups>
    <test started-at="2024-12-19T17:52:27 IST" name="Test" finished-at="2024-12-19T18:08:59 IST" duration-ms="991499">
      <class name="test.TC002_ValidateBrokenLink">
        <test-method is-config="true" signature="setup()[pri:0, instance:test.TC002_ValidateBrokenLink@4b29d1d2]" started-at="2024-12-19T17:52:27 IST" name="setup" finished-at="2024-12-19T17:52:27 IST" duration-ms="0" status="PASS">
          <reporter-output>
          </reporter-output>
        </test-method> <!-- setup -->
        <test-method is-config="true" signature="testDetails()[pri:0, instance:test.TC002_ValidateBrokenLink@4b29d1d2]" started-at="2024-12-19T17:55:24 IST" name="testDetails" finished-at="2024-12-19T17:55:24 IST" duration-ms="1" status="PASS">
          <reporter-output>
          </reporter-output>
        </test-method> <!-- testDetails -->
        <test-method is-config="true" signature="lunchBrowser()[pri:0, instance:test.TC002_ValidateBrokenLink@4b29d1d2]" started-at="2024-12-19T17:55:24 IST" name="lunchBrowser" finished-at="2024-12-19T17:55:28 IST" duration-ms="4743" status="PASS">
          <reporter-output>
          </reporter-output>
        </test-method> <!-- lunchBrowser -->
        <test-method signature="FindBrokenLink()[pri:0, instance:test.TC002_ValidateBrokenLink@4b29d1d2]" started-at="2024-12-19T17:55:28 IST" name="FindBrokenLink" finished-at="2024-12-19T17:55:39 IST" duration-ms="10389" status="PASS">
          <reporter-output>
          </reporter-output>
        </test-method> <!-- FindBrokenLink -->
        <test-method is-config="true" signature="closeBrowser()[pri:0, instance:test.TC002_ValidateBrokenLink@4b29d1d2]" started-at="2024-12-19T17:55:39 IST" name="closeBrowser" finished-at="2024-12-19T17:55:39 IST" duration-ms="265" status="PASS">
          <reporter-output>
          </reporter-output>
        </test-method> <!-- closeBrowser -->
      </class> <!-- test.TC002_ValidateBrokenLink -->
      <class name="test.TC007_ValidateAddItemFromDept">
        <test-method is-config="true" signature="setup()[pri:0, instance:test.TC007_ValidateAddItemFromDept@7f485fda]" started-at="2024-12-19T17:52:27 IST" name="setup" finished-at="2024-12-19T17:52:27 IST" duration-ms="1" status="PASS">
          <reporter-output>
          </reporter-output>
        </test-method> <!-- setup -->
        <test-method is-config="true" signature="testDetails()[pri:0, instance:test.TC007_ValidateAddItemFromDept@7f485fda]" started-at="2024-12-19T17:55:39 IST" name="testDetails" finished-at="2024-12-19T17:55:39 IST" duration-ms="1" status="PASS">
          <reporter-output>
          </reporter-output>
        </test-method> <!-- testDetails -->
        <test-method is-config="true" signature="lunchBrowser()[pri:0, instance:test.TC007_ValidateAddItemFromDept@7f485fda]" started-at="2024-12-19T17:55:39 IST" name="lunchBrowser" finished-at="2024-12-19T17:55:43 IST" duration-ms="4011" status="PASS">
          <reporter-output>
          </reporter-output>
        </test-method> <!-- lunchBrowser -->
        <test-method signature="ValidateShoingCart()[pri:0, instance:test.TC007_ValidateAddItemFromDept@7f485fda]" started-at="2024-12-19T17:55:43 IST" name="ValidateShoingCart" finished-at="2024-12-19T17:56:55 IST" duration-ms="72425" status="FAIL">
          <exception class="org.openqa.selenium.ElementClickInterceptedException">
            <message>
              <![CDATA[element click intercepted: Element <span class="cart-label">...</span> is not clickable at point (1287, 109). Other element would receive the click: <div class="c-modal-window imp-centered-modal active" tabindex="-1" data-testid="centered-modal">...</div>
  (Session info: chrome=131.0.6778.140)
Build info: version: '4.22.0', revision: 'c5f3146703*'
System info: os.name: 'Windows 10', os.arch: 'amd64', os.version: '10.0', java.version: '17.0.2'
Driver info: org.openqa.selenium.chrome.ChromeDriver
Command: [1c26f40eca261ab92405479c3f0f4f08, clickElement {id=f.3E63CE69C5B036DF1F1D4686674B423E.d.BB4925EEBDEEE6091D718BA9014EE237.e.450}]
Capabilities {acceptInsecureCerts: false, browserName: chrome, browserVersion: 131.0.6778.140, chrome: {chromedriverVersion: 131.0.6778.204 (52183f9e99a..., userDataDir: C:\Users\prerna\AppData\Loc...}, fedcm:accounts: true, goog:chromeOptions: {debuggerAddress: localhost:57109}, networkConnectionEnabled: false, pageLoadStrategy: normal, platformName: windows, proxy: Proxy(), se:cdp: ws://localhost:57109/devtoo..., se:cdpVersion: 131.0.6778.140, setWindowRect: true, strictFileInteractability: false, timeouts: {implicit: 0, pageLoad: 300000, script: 30000}, unhandledPromptBehavior: dismiss and notify, webauthn:extension:credBlob: true, webauthn:extension:largeBlob: true, webauthn:extension:minPinLength: true, webauthn:extension:prf: true, webauthn:virtualAuthenticators: true}
Element: [[ChromeDriver: chrome on windows (1c26f40eca261ab92405479c3f0f4f08)] -> xpath: //span[text()='Cart']]
Session ID: 1c26f40eca261ab92405479c3f0f4f08]]>
            </message>
            <full-stacktrace>
              <![CDATA[org.openqa.selenium.ElementClickInterceptedException: element click intercepted: Element <span class="cart-label">...</span> is not clickable at point (1287, 109). Other element would receive the click: <div class="c-modal-window imp-centered-modal active" tabindex="-1" data-testid="centered-modal">...</div>
  (Session info: chrome=131.0.6778.140)
Build info: version: '4.22.0', revision: 'c5f3146703*'
System info: os.name: 'Windows 10', os.arch: 'amd64', os.version: '10.0', java.version: '17.0.2'
Driver info: org.openqa.selenium.chrome.ChromeDriver
Command: [1c26f40eca261ab92405479c3f0f4f08, clickElement {id=f.3E63CE69C5B036DF1F1D4686674B423E.d.BB4925EEBDEEE6091D718BA9014EE237.e.450}]
Capabilities {acceptInsecureCerts: false, browserName: chrome, browserVersion: 131.0.6778.140, chrome: {chromedriverVersion: 131.0.6778.204 (52183f9e99a..., userDataDir: C:\Users\prerna\AppData\Loc...}, fedcm:accounts: true, goog:chromeOptions: {debuggerAddress: localhost:57109}, networkConnectionEnabled: false, pageLoadStrategy: normal, platformName: windows, proxy: Proxy(), se:cdp: ws://localhost:57109/devtoo..., se:cdpVersion: 131.0.6778.140, setWindowRect: true, strictFileInteractability: false, timeouts: {implicit: 0, pageLoad: 300000, script: 30000}, unhandledPromptBehavior: dismiss and notify, webauthn:extension:credBlob: true, webauthn:extension:largeBlob: true, webauthn:extension:minPinLength: true, webauthn:extension:prf: true, webauthn:virtualAuthenticators: true}
Element: [[ChromeDriver: chrome on windows (1c26f40eca261ab92405479c3f0f4f08)] -> xpath: //span[text()='Cart']]
Session ID: 1c26f40eca261ab92405479c3f0f4f08
at java.base/jdk.internal.reflect.NativeConstructorAccessorImpl.newInstance0(Native Method)
at java.base/jdk.internal.reflect.NativeConstructorAccessorImpl.newInstance(NativeConstructorAccessorImpl.java:77)
at java.base/jdk.internal.reflect.DelegatingConstructorAccessorImpl.newInstance(DelegatingConstructorAccessorImpl.java:45)
at java.base/java.lang.reflect.Constructor.newInstanceWithCaller(Constructor.java:499)
at java.base/java.lang.reflect.Constructor.newInstance(Constructor.java:480)
at org.openqa.selenium.remote.ErrorCodec.decode(ErrorCodec.java:167)
at org.openqa.selenium.remote.codec.w3c.W3CHttpResponseCodec.decode(W3CHttpResponseCodec.java:138)
at org.openqa.selenium.remote.codec.w3c.W3CHttpResponseCodec.decode(W3CHttpResponseCodec.java:50)
at org.openqa.selenium.remote.HttpCommandExecutor.execute(HttpCommandExecutor.java:190)
at org.openqa.selenium.remote.service.DriverCommandExecutor.invokeExecute(DriverCommandExecutor.java:216)
at org.openqa.selenium.remote.service.DriverCommandExecutor.execute(DriverCommandExecutor.java:174)
at org.openqa.selenium.remote.RemoteWebDriver.execute(RemoteWebDriver.java:518)
at org.openqa.selenium.remote.RemoteWebElement.execute(RemoteWebElement.java:223)
at org.openqa.selenium.remote.RemoteWebElement.click(RemoteWebElement.java:76)
at jdk.internal.reflect.GeneratedMethodAccessor1.invoke(Unknown Source)
at java.base/jdk.internal.reflect.DelegatingMethodAccessorImpl.invoke(DelegatingMethodAccessorImpl.java:43)
at java.base/java.lang.reflect.Method.invoke(Method.java:568)
at org.openqa.selenium.support.pagefactory.internal.LocatingElementHandler.invoke(LocatingElementHandler.java:51)
at jdk.proxy2/jdk.proxy2.$Proxy19.click(Unknown Source)
at pages.ShoppingCart.cart(ShoppingCart.java:134)
at test.TC007_ValidateAddItemFromDept.ValidateShoingCart(TC007_ValidateAddItemFromDept.java:33)
at java.base/jdk.internal.reflect.NativeMethodAccessorImpl.invoke0(Native Method)
at java.base/jdk.internal.reflect.NativeMethodAccessorImpl.invoke(NativeMethodAccessorImpl.java:77)
at java.base/jdk.internal.reflect.DelegatingMethodAccessorImpl.invoke(DelegatingMethodAccessorImpl.java:43)
at java.base/java.lang.reflect.Method.invoke(Method.java:568)
at org.testng.internal.invokers.MethodInvocationHelper.invokeMethod(MethodInvocationHelper.java:141)
at org.testng.internal.invokers.TestInvoker.invokeMethod(TestInvoker.java:686)
at org.testng.internal.invokers.TestInvoker.invokeTestMethod(TestInvoker.java:230)
at org.testng.internal.invokers.MethodRunner.runInSequence(MethodRunner.java:63)
at org.testng.internal.invokers.TestInvoker$MethodInvocationAgent.invoke(TestInvoker.java:992)
at org.testng.internal.invokers.TestInvoker.invokeTestMethods(TestInvoker.java:203)
at org.testng.internal.invokers.TestMethodWorker.invokeTestMethods(TestMethodWorker.java:154)
at org.testng.internal.invokers.TestMethodWorker.run(TestMethodWorker.java:134)
at java.base/java.util.ArrayList.forEach(ArrayList.java:1511)
at org.testng.TestRunner.privateRun(TestRunner.java:739)
at org.testng.TestRunner.run(TestRunner.java:614)
at org.testng.SuiteRunner.runTest(SuiteRunner.java:421)
at org.testng.SuiteRunner.runSequentially(SuiteRunner.java:413)
at org.testng.SuiteRunner.privateRun(SuiteRunner.java:373)
at org.testng.SuiteRunner.run(SuiteRunner.java:312)
at org.testng.SuiteRunnerWorker.runSuite(SuiteRunnerWorker.java:52)
at org.testng.SuiteRunnerWorker.run(SuiteRunnerWorker.java:95)
at org.testng.TestNG.runSuitesSequentially(TestNG.java:1274)
at org.testng.TestNG.runSuitesLocally(TestNG.java:1208)
at org.testng.TestNG.runSuites(TestNG.java:1112)
at org.testng.TestNG.run(TestNG.java:1079)
at org.apache.maven.surefire.testng.TestNGExecutor.run(TestNGExecutor.java:308)
at org.apache.maven.surefire.testng.TestNGXmlTestSuite.execute(TestNGXmlTestSuite.java:71)
at org.apache.maven.surefire.testng.TestNGProvider.invoke(TestNGProvider.java:113)
at org.apache.maven.surefire.booter.ForkedBooter.runSuitesInProcess(ForkedBooter.java:385)
at org.apache.maven.surefire.booter.ForkedBooter.execute(ForkedBooter.java:162)
at org.apache.maven.surefire.booter.ForkedBooter.run(ForkedBooter.java:507)
at org.apache.maven.surefire.booter.ForkedBooter.main(ForkedBooter.java:495)
]]>
            </full-stacktrace>
          </exception> <!-- org.openqa.selenium.ElementClickInterceptedException -->
          <reporter-output>
          </reporter-output>
        </test-method> <!-- ValidateShoingCart -->
        <test-method is-config="true" signature="closeBrowser()[pri:0, instance:test.TC007_ValidateAddItemFromDept@7f485fda]" started-at="2024-12-19T17:57:04 IST" name="closeBrowser" finished-at="2024-12-19T17:57:04 IST" duration-ms="488" status="PASS">
          <reporter-output>
          </reporter-output>
        </test-method> <!-- closeBrowser -->
      </class> <!-- test.TC007_ValidateAddItemFromDept -->
      <class name="test.TC005_ValidateMenuOnEachPage">
        <test-method is-config="true" signature="setup()[pri:0, instance:test.TC005_ValidateMenuOnEachPage@35dab4eb]" started-at="2024-12-19T17:52:27 IST" name="setup" finished-at="2024-12-19T17:52:27 IST" duration-ms="1" status="PASS">
          <reporter-output>
          </reporter-output>
        </test-method> <!-- setup -->
        <test-method is-config="true" signature="testDetails()[pri:0, instance:test.TC005_ValidateMenuOnEachPage@35dab4eb]" started-at="2024-12-19T18:07:21 IST" name="testDetails" finished-at="2024-12-19T18:07:21 IST" duration-ms="1" status="PASS">
          <reporter-output>
          </reporter-output>
        </test-method> <!-- testDetails -->
        <test-method is-config="true" signature="lunchBrowser()[pri:0, instance:test.TC005_ValidateMenuOnEachPage@35dab4eb]" started-at="2024-12-19T18:07:21 IST" name="lunchBrowser" finished-at="2024-12-19T18:07:24 IST" duration-ms="3098" status="PASS">
          <reporter-output>
          </reporter-output>
        </test-method> <!-- lunchBrowser -->
        <test-method signature="ValidateEachMeuUnderMainmenu()[pri:0, instance:test.TC005_ValidateMenuOnEachPage@35dab4eb]" started-at="2024-12-19T18:07:24 IST" name="ValidateEachMeuUnderMainmenu" finished-at="2024-12-19T18:08:58 IST" duration-ms="93980" status="PASS">
          <reporter-output>
          </reporter-output>
        </test-method> <!-- ValidateEachMeuUnderMainmenu -->
        <test-method is-config="true" signature="closeBrowser()[pri:0, instance:test.TC005_ValidateMenuOnEachPage@35dab4eb]" started-at="2024-12-19T18:08:58 IST" name="closeBrowser" finished-at="2024-12-19T18:08:59 IST" duration-ms="513" status="PASS">
          <reporter-output>
          </reporter-output>
        </test-method> <!-- closeBrowser -->
      </class> <!-- test.TC005_ValidateMenuOnEachPage -->
      <class name="test.TC003_ValidateBrokenBottomLink">
        <test-method is-config="true" signature="setup()[pri:0, instance:test.TC003_ValidateBrokenBottomLink@d737b89]" started-at="2024-12-19T17:52:27 IST" name="setup" finished-at="2024-12-19T17:52:27 IST" duration-ms="0" status="PASS">
          <reporter-output>
          </reporter-output>
        </test-method> <!-- setup -->
        <test-method is-config="true" signature="testDetails()[pri:0, instance:test.TC003_ValidateBrokenBottomLink@d737b89]" started-at="2024-12-19T17:58:11 IST" name="testDetails" finished-at="2024-12-19T17:58:11 IST" duration-ms="2" status="PASS">
          <reporter-output>
          </reporter-output>
        </test-method> <!-- testDetails -->
        <test-method is-config="true" signature="lunchBrowser()[pri:0, instance:test.TC003_ValidateBrokenBottomLink@d737b89]" started-at="2024-12-19T17:58:11 IST" name="lunchBrowser" finished-at="2024-12-19T17:58:16 IST" duration-ms="4511" status="PASS">
          <reporter-output>
          </reporter-output>
        </test-method> <!-- lunchBrowser -->
        <test-method signature="BottomLinks()[pri:0, instance:test.TC003_ValidateBrokenBottomLink@d737b89]" started-at="2024-12-19T17:58:16 IST" name="BottomLinks" finished-at="2024-12-19T18:06:25 IST" duration-ms="489228" status="PASS">
          <reporter-output>
          </reporter-output>
        </test-method> <!-- BottomLinks -->
        <test-method is-config="true" signature="closeBrowser()[pri:0, instance:test.TC003_ValidateBrokenBottomLink@d737b89]" started-at="2024-12-19T18:06:25 IST" name="closeBrowser" finished-at="2024-12-19T18:06:25 IST" duration-ms="207" status="PASS">
          <reporter-output>
          </reporter-output>
        </test-method> <!-- closeBrowser -->
      </class> <!-- test.TC003_ValidateBrokenBottomLink -->
      <class name="test.TC001_CreateAccount">
        <test-method is-config="true" signature="reportInitilization()[pri:0, instance:test.TC001_CreateAccount@1c5920df]" started-at="2024-12-19T17:52:27 IST" name="reportInitilization" finished-at="2024-12-19T17:52:27 IST" duration-ms="513" status="PASS">
          <reporter-output>
          </reporter-output>
        </test-method> <!-- reportInitilization -->
        <test-method is-config="true" signature="setup()[pri:0, instance:test.TC001_CreateAccount@1c5920df]" started-at="2024-12-19T17:52:27 IST" name="setup" finished-at="2024-12-19T17:52:27 IST" duration-ms="2" status="PASS">
          <reporter-output>
          </reporter-output>
        </test-method> <!-- setup -->
        <test-method is-config="true" signature="testDetails()[pri:0, instance:test.TC001_CreateAccount@1c5920df]" started-at="2024-12-19T17:52:27 IST" name="testDetails" finished-at="2024-12-19T17:52:27 IST" duration-ms="22" status="PASS">
          <reporter-output>
          </reporter-output>
        </test-method> <!-- testDetails -->
        <test-method is-config="true" signature="lunchBrowser()[pri:0, instance:test.TC001_CreateAccount@1c5920df]" started-at="2024-12-19T17:52:30 IST" name="lunchBrowser" finished-at="2024-12-19T17:52:47 IST" duration-ms="16936" status="PASS">
          <reporter-output>
          </reporter-output>
        </test-method> <!-- lunchBrowser -->
        <test-method signature="CreateAccountTest(java.lang.String,java.lang.String,java.lang.String,java.lang.String,java.lang.String,java.lang.String)[pri:0, instance:test.TC001_CreateAccount@1c5920df]" started-at="2024-12-19T17:52:47 IST" name="CreateAccountTest" data-provider="readData" finished-at="2024-12-19T17:53:32 IST" duration-ms="45279" status="PASS">
          <params>
            <param index="0">
              <value>
                <![CDATA[Prerna]]>
              </value>
            </param>
            <param index="1">
              <value>
                <![CDATA[Chaturvedi]]>
              </value>
            </param>
            <param index="2">
              <value>
                <![CDATA[prerna27chaturvedi@gmail.com]]>
              </value>
            </param>
            <param index="3">
              <value>
                <![CDATA[Prerna @1234]]>
              </value>
            </param>
            <param index="4">
              <value>
                <![CDATA[Prerna @1234]]>
              </value>
            </param>
            <param index="5">
              <value>
                <![CDATA[9926982443]]>
              </value>
            </param>
          </params>
          <reporter-output>
          </reporter-output>
        </test-method> <!-- CreateAccountTest -->
        <test-method is-config="true" signature="closeBrowser()[pri:0, instance:test.TC001_CreateAccount@1c5920df]" started-at="2024-12-19T17:53:32 IST" name="closeBrowser" finished-at="2024-12-19T17:53:34 IST" duration-ms="1724" status="PASS">
          <reporter-output>
          </reporter-output>
        </test-method> <!-- closeBrowser -->
        <test-method is-config="true" signature="reportClose()[pri:0, instance:test.TC001_CreateAccount@1c5920df]" started-at="2024-12-19T18:08:59 IST" name="reportClose" finished-at="2024-12-19T18:09:00 IST" duration-ms="851" status="PASS">
          <reporter-output>
          </reporter-output>
        </test-method> <!-- reportClose -->
      </class> <!-- test.TC001_CreateAccount -->
      <class name="test.TC004_ValidateSignUp">
        <test-method is-config="true" signature="setup()[pri:0, instance:test.TC004_ValidateSignUp@8519cb4]" started-at="2024-12-19T17:52:27 IST" name="setup" finished-at="2024-12-19T17:52:27 IST" duration-ms="0" status="PASS">
          <reporter-output>
          </reporter-output>
        </test-method> <!-- setup -->
        <test-method is-config="true" signature="testDetails()[pri:0, instance:test.TC004_ValidateSignUp@8519cb4]" started-at="2024-12-19T18:06:25 IST" name="testDetails" finished-at="2024-12-19T18:06:25 IST" duration-ms="0" status="PASS">
          <reporter-output>
          </reporter-output>
        </test-method> <!-- testDetails -->
        <test-method is-config="true" signature="lunchBrowser()[pri:0, instance:test.TC004_ValidateSignUp@8519cb4]" started-at="2024-12-19T18:06:25 IST" name="lunchBrowser" finished-at="2024-12-19T18:06:28 IST" duration-ms="3286" status="PASS">
          <reporter-output>
          </reporter-output>
        </test-method> <!-- lunchBrowser -->
        <test-method signature="SignUpTest(java.lang.String,java.lang.String,java.lang.String,java.lang.String)[pri:0, instance:test.TC004_ValidateSignUp@8519cb4]" started-at="2024-12-19T18:06:28 IST" name="SignUpTest" data-provider="readData" finished-at="2024-12-19T18:06:52 IST" duration-ms="23700" status="PASS">
          <params>
            <param index="0">
              <value>
                <![CDATA[prerna27chaturvedi@gmail.com]]>
              </value>
            </param>
            <param index="1">
              <value>
                <![CDATA[Prerna @1234]]>
              </value>
            </param>
            <param index="2">
              <value>
                <![CDATA[ValidEmailAndValidPassword]]>
              </value>
            </param>
            <param index="3">
              <value>
                <![CDATA[prerna27chaturvedi@gmail.com]]>
              </value>
            </param>
          </params>
          <reporter-output>
          </reporter-output>
        </test-method> <!-- SignUpTest -->
        <test-method is-config="true" signature="closeBrowser()[pri:0, instance:test.TC004_ValidateSignUp@8519cb4]" started-at="2024-12-19T18:06:52 IST" name="closeBrowser" finished-at="2024-12-19T18:06:52 IST" duration-ms="190" status="PASS">
          <reporter-output>
          </reporter-output>
        </test-method> <!-- closeBrowser -->
        <test-method is-config="true" signature="lunchBrowser()[pri:0, instance:test.TC004_ValidateSignUp@8519cb4]" started-at="2024-12-19T18:06:52 IST" name="lunchBrowser" finished-at="2024-12-19T18:06:57 IST" duration-ms="4182" status="PASS">
          <reporter-output>
          </reporter-output>
        </test-method> <!-- lunchBrowser -->
        <test-method signature="SignUpTest(java.lang.String,java.lang.String,java.lang.String,java.lang.String)[pri:0, instance:test.TC004_ValidateSignUp@8519cb4]" started-at="2024-12-19T18:06:57 IST" name="SignUpTest" data-provider="readData" finished-at="2024-12-19T18:07:21 IST" duration-ms="24247" status="PASS">
          <params>
            <param index="0">
              <value>
                <![CDATA[prerna28chaturvedi@gmail.com]]>
              </value>
            </param>
            <param index="1">
              <value>
                <![CDATA[Prerna @7890]]>
              </value>
            </param>
            <param index="2">
              <value>
                <![CDATA[InvalidEmailAndValidPassword]]>
              </value>
            </param>
            <param index="3">
              <value>
                <![CDATA[Choose a sign-in method]]>
              </value>
            </param>
          </params>
          <reporter-output>
          </reporter-output>
        </test-method> <!-- SignUpTest -->
        <test-method is-config="true" signature="closeBrowser()[pri:0, instance:test.TC004_ValidateSignUp@8519cb4]" started-at="2024-12-19T18:07:21 IST" name="closeBrowser" finished-at="2024-12-19T18:07:21 IST" duration-ms="186" status="PASS">
          <reporter-output>
          </reporter-output>
        </test-method> <!-- closeBrowser -->
      </class> <!-- test.TC004_ValidateSignUp -->
      <class name="test.TC008_ValidateAddItemFromBrand">
        <test-method is-config="true" signature="setup()[pri:0, instance:test.TC008_ValidateAddItemFromBrand@1349883]" started-at="2024-12-19T17:52:27 IST" name="setup" finished-at="2024-12-19T17:52:27 IST" duration-ms="0" status="PASS">
          <reporter-output>
          </reporter-output>
        </test-method> <!-- setup -->
        <test-method is-config="true" signature="testDetails()[pri:0, instance:test.TC008_ValidateAddItemFromBrand@1349883]" started-at="2024-12-19T17:54:48 IST" name="testDetails" finished-at="2024-12-19T17:54:48 IST" duration-ms="1" status="PASS">
          <reporter-output>
          </reporter-output>
        </test-method> <!-- testDetails -->
        <test-method is-config="true" signature="lunchBrowser()[pri:0, instance:test.TC008_ValidateAddItemFromBrand@1349883]" started-at="2024-12-19T17:54:48 IST" name="lunchBrowser" finished-at="2024-12-19T17:54:52 IST" duration-ms="4675" status="PASS">
          <reporter-output>
          </reporter-output>
        </test-method> <!-- lunchBrowser -->
        <test-method signature="ValidateShoingCart()[pri:0, instance:test.TC008_ValidateAddItemFromBrand@1349883]" started-at="2024-12-19T17:54:52 IST" name="ValidateShoingCart" finished-at="2024-12-19T17:55:23 IST" duration-ms="30754" status="PASS">
          <reporter-output>
          </reporter-output>
        </test-method> <!-- ValidateShoingCart -->
        <test-method is-config="true" signature="closeBrowser()[pri:0, instance:test.TC008_ValidateAddItemFromBrand@1349883]" started-at="2024-12-19T17:55:23 IST" name="closeBrowser" finished-at="2024-12-19T17:55:24 IST" duration-ms="477" status="PASS">
          <reporter-output>
          </reporter-output>
        </test-method> <!-- closeBrowser -->
      </class> <!-- test.TC008_ValidateAddItemFromBrand -->
      <class name="test.TC009_NavigateToCheckOut">
        <test-method is-config="true" signature="setup()[pri:0, instance:test.TC009_NavigateToCheckOut@28261e8e]" started-at="2024-12-19T17:52:27 IST" name="setup" finished-at="2024-12-19T17:52:27 IST" duration-ms="0" status="PASS">
          <reporter-output>
          </reporter-output>
        </test-method> <!-- setup -->
        <test-method is-config="true" signature="testDetails()[pri:0, instance:test.TC009_NavigateToCheckOut@28261e8e]" started-at="2024-12-19T17:57:04 IST" name="testDetails" finished-at="2024-12-19T17:57:04 IST" duration-ms="2" status="PASS">
          <reporter-output>
          </reporter-output>
        </test-method> <!-- testDetails -->
        <test-method is-config="true" signature="lunchBrowser()[pri:0, instance:test.TC009_NavigateToCheckOut@28261e8e]" started-at="2024-12-19T17:57:07 IST" name="lunchBrowser" finished-at="2024-12-19T17:57:15 IST" duration-ms="8784" status="PASS">
          <reporter-output>
          </reporter-output>
        </test-method> <!-- lunchBrowser -->
        <test-method signature="ValidateShoingCart(java.lang.String,java.lang.String,java.lang.String,java.lang.String,java.lang.String,java.lang.String,java.lang.String,java.lang.String)[pri:0, instance:test.TC009_NavigateToCheckOut@28261e8e]" started-at="2024-12-19T17:57:15 IST" name="ValidateShoingCart" data-provider="readData" finished-at="2024-12-19T17:58:09 IST" duration-ms="54108" status="FAIL">
          <params>
            <param index="0">
              <value>
                <![CDATA[prerna27chaturvedi@gmail.com]]>
              </value>
            </param>
            <param index="1">
              <value>
                <![CDATA[Prerna @1234]]>
              </value>
            </param>
            <param index="2">
              <value>
                <![CDATA[Prerna]]>
              </value>
            </param>
            <param index="3">
              <value>
                <![CDATA[Chaturvedi]]>
              </value>
            </param>
            <param index="4">
              <value>
                <![CDATA[5396 North Reese Avenue, Fresno CA 93722]]>
              </value>
            </param>
            <param index="5">
              <value>
                <![CDATA[Fresno]]>
              </value>
            </param>
            <param index="6">
              <value>
                <![CDATA[CA]]>
              </value>
            </param>
            <param index="7">
              <value>
                <![CDATA[93722]]>
              </value>
            </param>
          </params>
          <exception class="org.openqa.selenium.ElementClickInterceptedException">
            <message>
              <![CDATA[element click intercepted: Element <button class="btn btn-lg btn-block btn-primary" type="button" data-track="... - Top">Checkout</button> is not clickable at point (1151, 492). Other element would receive the click: <div class="container" role="document">...</div>
  (Session info: chrome=131.0.6778.140)
Build info: version: '4.22.0', revision: 'c5f3146703*'
System info: os.name: 'Windows 10', os.arch: 'amd64', os.version: '10.0', java.version: '17.0.2'
Driver info: org.openqa.selenium.chrome.ChromeDriver
Command: [d8cb6a5ca8236e2476910e6b51115688, clickElement {id=f.B0E8AB0ED370703BDA31422F88426616.d.D38833B861554EEC6FB3C499E756F946.e.472}]
Capabilities {acceptInsecureCerts: false, browserName: chrome, browserVersion: 131.0.6778.140, chrome: {chromedriverVersion: 131.0.6778.204 (52183f9e99a..., userDataDir: C:\Users\prerna\AppData\Loc...}, fedcm:accounts: true, goog:chromeOptions: {debuggerAddress: localhost:57992}, networkConnectionEnabled: false, pageLoadStrategy: normal, platformName: windows, proxy: Proxy(), se:cdp: ws://localhost:57992/devtoo..., se:cdpVersion: 131.0.6778.140, setWindowRect: true, strictFileInteractability: false, timeouts: {implicit: 0, pageLoad: 300000, script: 30000}, unhandledPromptBehavior: dismiss and notify, webauthn:extension:credBlob: true, webauthn:extension:largeBlob: true, webauthn:extension:minPinLength: true, webauthn:extension:prf: true, webauthn:virtualAuthenticators: true}
Element: [[ChromeDriver: chrome on windows (d8cb6a5ca8236e2476910e6b51115688)] -> xpath: //button[@class='btn btn-lg btn-block btn-primary']]
Session ID: d8cb6a5ca8236e2476910e6b51115688]]>
            </message>
            <full-stacktrace>
              <![CDATA[org.openqa.selenium.ElementClickInterceptedException: element click intercepted: Element <button class="btn btn-lg btn-block btn-primary" type="button" data-track="... - Top">Checkout</button> is not clickable at point (1151, 492). Other element would receive the click: <div class="container" role="document">...</div>
  (Session info: chrome=131.0.6778.140)
Build info: version: '4.22.0', revision: 'c5f3146703*'
System info: os.name: 'Windows 10', os.arch: 'amd64', os.version: '10.0', java.version: '17.0.2'
Driver info: org.openqa.selenium.chrome.ChromeDriver
Command: [d8cb6a5ca8236e2476910e6b51115688, clickElement {id=f.B0E8AB0ED370703BDA31422F88426616.d.D38833B861554EEC6FB3C499E756F946.e.472}]
Capabilities {acceptInsecureCerts: false, browserName: chrome, browserVersion: 131.0.6778.140, chrome: {chromedriverVersion: 131.0.6778.204 (52183f9e99a..., userDataDir: C:\Users\prerna\AppData\Loc...}, fedcm:accounts: true, goog:chromeOptions: {debuggerAddress: localhost:57992}, networkConnectionEnabled: false, pageLoadStrategy: normal, platformName: windows, proxy: Proxy(), se:cdp: ws://localhost:57992/devtoo..., se:cdpVersion: 131.0.6778.140, setWindowRect: true, strictFileInteractability: false, timeouts: {implicit: 0, pageLoad: 300000, script: 30000}, unhandledPromptBehavior: dismiss and notify, webauthn:extension:credBlob: true, webauthn:extension:largeBlob: true, webauthn:extension:minPinLength: true, webauthn:extension:prf: true, webauthn:virtualAuthenticators: true}
Element: [[ChromeDriver: chrome on windows (d8cb6a5ca8236e2476910e6b51115688)] -> xpath: //button[@class='btn btn-lg btn-block btn-primary']]
Session ID: d8cb6a5ca8236e2476910e6b51115688
at java.base/jdk.internal.reflect.NativeConstructorAccessorImpl.newInstance0(Native Method)
at java.base/jdk.internal.reflect.NativeConstructorAccessorImpl.newInstance(NativeConstructorAccessorImpl.java:77)
at java.base/jdk.internal.reflect.DelegatingConstructorAccessorImpl.newInstance(DelegatingConstructorAccessorImpl.java:45)
at java.base/java.lang.reflect.Constructor.newInstanceWithCaller(Constructor.java:499)
at java.base/java.lang.reflect.Constructor.newInstance(Constructor.java:480)
at org.openqa.selenium.remote.ErrorCodec.decode(ErrorCodec.java:167)
at org.openqa.selenium.remote.codec.w3c.W3CHttpResponseCodec.decode(W3CHttpResponseCodec.java:138)
at org.openqa.selenium.remote.codec.w3c.W3CHttpResponseCodec.decode(W3CHttpResponseCodec.java:50)
at org.openqa.selenium.remote.HttpCommandExecutor.execute(HttpCommandExecutor.java:190)
at org.openqa.selenium.remote.service.DriverCommandExecutor.invokeExecute(DriverCommandExecutor.java:216)
at org.openqa.selenium.remote.service.DriverCommandExecutor.execute(DriverCommandExecutor.java:174)
at org.openqa.selenium.remote.RemoteWebDriver.execute(RemoteWebDriver.java:518)
at org.openqa.selenium.remote.RemoteWebElement.execute(RemoteWebElement.java:223)
at org.openqa.selenium.remote.RemoteWebElement.click(RemoteWebElement.java:76)
at jdk.internal.reflect.GeneratedMethodAccessor1.invoke(Unknown Source)
at java.base/jdk.internal.reflect.DelegatingMethodAccessorImpl.invoke(DelegatingMethodAccessorImpl.java:43)
at java.base/java.lang.reflect.Method.invoke(Method.java:568)
at org.openqa.selenium.support.pagefactory.internal.LocatingElementHandler.invoke(LocatingElementHandler.java:51)
at jdk.proxy2/jdk.proxy2.$Proxy19.click(Unknown Source)
at pages.ShoppingCart.Checkout(ShoppingCart.java:143)
at test.TC009_NavigateToCheckOut.ValidateShoingCart(TC009_NavigateToCheckOut.java:36)
at java.base/jdk.internal.reflect.NativeMethodAccessorImpl.invoke0(Native Method)
at java.base/jdk.internal.reflect.NativeMethodAccessorImpl.invoke(NativeMethodAccessorImpl.java:77)
at java.base/jdk.internal.reflect.DelegatingMethodAccessorImpl.invoke(DelegatingMethodAccessorImpl.java:43)
at java.base/java.lang.reflect.Method.invoke(Method.java:568)
at org.testng.internal.invokers.MethodInvocationHelper.invokeMethod(MethodInvocationHelper.java:141)
at org.testng.internal.invokers.TestInvoker.invokeMethod(TestInvoker.java:686)
at org.testng.internal.invokers.TestInvoker.invokeTestMethod(TestInvoker.java:230)
at org.testng.internal.invokers.MethodRunner.runInSequence(MethodRunner.java:63)
at org.testng.internal.invokers.TestInvoker$MethodInvocationAgent.invoke(TestInvoker.java:992)
at org.testng.internal.invokers.TestInvoker.invokeTestMethods(TestInvoker.java:203)
at org.testng.internal.invokers.TestMethodWorker.invokeTestMethods(TestMethodWorker.java:154)
at org.testng.internal.invokers.TestMethodWorker.run(TestMethodWorker.java:134)
at java.base/java.util.ArrayList.forEach(ArrayList.java:1511)
at org.testng.TestRunner.privateRun(TestRunner.java:739)
at org.testng.TestRunner.run(TestRunner.java:614)
at org.testng.SuiteRunner.runTest(SuiteRunner.java:421)
at org.testng.SuiteRunner.runSequentially(SuiteRunner.java:413)
at org.testng.SuiteRunner.privateRun(SuiteRunner.java:373)
at org.testng.SuiteRunner.run(SuiteRunner.java:312)
at org.testng.SuiteRunnerWorker.runSuite(SuiteRunnerWorker.java:52)
at org.testng.SuiteRunnerWorker.run(SuiteRunnerWorker.java:95)
at org.testng.TestNG.runSuitesSequentially(TestNG.java:1274)
at org.testng.TestNG.runSuitesLocally(TestNG.java:1208)
at org.testng.TestNG.runSuites(TestNG.java:1112)
at org.testng.TestNG.run(TestNG.java:1079)
at org.apache.maven.surefire.testng.TestNGExecutor.run(TestNGExecutor.java:308)
at org.apache.maven.surefire.testng.TestNGXmlTestSuite.execute(TestNGXmlTestSuite.java:71)
at org.apache.maven.surefire.testng.TestNGProvider.invoke(TestNGProvider.java:113)
at org.apache.maven.surefire.booter.ForkedBooter.runSuitesInProcess(ForkedBooter.java:385)
at org.apache.maven.surefire.booter.ForkedBooter.execute(ForkedBooter.java:162)
at org.apache.maven.surefire.booter.ForkedBooter.run(ForkedBooter.java:507)
at org.apache.maven.surefire.booter.ForkedBooter.main(ForkedBooter.java:495)
]]>
            </full-stacktrace>
          </exception> <!-- org.openqa.selenium.ElementClickInterceptedException -->
          <reporter-output>
          </reporter-output>
        </test-method> <!-- ValidateShoingCart -->
        <test-method is-config="true" signature="closeBrowser()[pri:0, instance:test.TC009_NavigateToCheckOut@28261e8e]" started-at="2024-12-19T17:58:10 IST" name="closeBrowser" finished-at="2024-12-19T17:58:11 IST" duration-ms="586" status="PASS">
          <reporter-output>
          </reporter-output>
        </test-method> <!-- closeBrowser -->
      </class> <!-- test.TC009_NavigateToCheckOut -->
      <class name="test.TC006_ValidateSearchAndAdd">
        <test-method is-config="true" signature="setup()[pri:0, instance:test.TC006_ValidateSearchAndAdd@4a83a74a]" started-at="2024-12-19T17:52:27 IST" name="setup" finished-at="2024-12-19T17:52:27 IST" duration-ms="0" status="PASS">
          <reporter-output>
          </reporter-output>
        </test-method> <!-- setup -->
        <test-method is-config="true" signature="testDetails()[pri:0, instance:test.TC006_ValidateSearchAndAdd@4a83a74a]" started-at="2024-12-19T17:53:34 IST" name="testDetails" finished-at="2024-12-19T17:53:34 IST" duration-ms="2" status="PASS">
          <reporter-output>
          </reporter-output>
        </test-method> <!-- testDetails -->
        <test-method is-config="true" signature="lunchBrowser()[pri:0, instance:test.TC006_ValidateSearchAndAdd@4a83a74a]" started-at="2024-12-19T17:53:34 IST" name="lunchBrowser" finished-at="2024-12-19T17:53:39 IST" duration-ms="5595" status="PASS">
          <reporter-output>
          </reporter-output>
        </test-method> <!-- lunchBrowser -->
        <test-method signature="ValidateShoingCart()[pri:0, instance:test.TC006_ValidateSearchAndAdd@4a83a74a]" started-at="2024-12-19T17:53:39 IST" name="ValidateShoingCart" finished-at="2024-12-19T17:54:45 IST" duration-ms="65789" status="FAIL">
          <exception class="org.openqa.selenium.NoSuchElementException">
            <message>
              <![CDATA[no such element: Unable to locate element: {"method":"xpath","selector":"(//a[text()='See Details'])[1]"}
  (Session info: chrome=131.0.6778.140)
For documentation on this error, please visit: https://www.selenium.dev/documentation/webdriver/troubleshooting/errors#no-such-element-exception
Build info: version: '4.22.0', revision: 'c5f3146703*'
System info: os.name: 'Windows 10', os.arch: 'amd64', os.version: '10.0', java.version: '17.0.2'
Driver info: org.openqa.selenium.chrome.ChromeDriver
Command: [46d4748e0fa73c8eeac3366639dd3753, findElement {using=xpath, value=(//a[text()='See Details'])[1]}]
Capabilities {acceptInsecureCerts: false, browserName: chrome, browserVersion: 131.0.6778.140, chrome: {chromedriverVersion: 131.0.6778.204 (52183f9e99a..., userDataDir: C:\Users\prerna\AppData\Loc...}, fedcm:accounts: true, goog:chromeOptions: {debuggerAddress: localhost:55992}, networkConnectionEnabled: false, pageLoadStrategy: normal, platformName: windows, proxy: Proxy(), se:cdp: ws://localhost:55992/devtoo..., se:cdpVersion: 131.0.6778.140, setWindowRect: true, strictFileInteractability: false, timeouts: {implicit: 0, pageLoad: 300000, script: 30000}, unhandledPromptBehavior: dismiss and notify, webauthn:extension:credBlob: true, webauthn:extension:largeBlob: true, webauthn:extension:minPinLength: true, webauthn:extension:prf: true, webauthn:virtualAuthenticators: true}
Session ID: 46d4748e0fa73c8eeac3366639dd3753]]>
            </message>
            <full-stacktrace>
              <![CDATA[org.openqa.selenium.NoSuchElementException: no such element: Unable to locate element: {"method":"xpath","selector":"(//a[text()='See Details'])[1]"}
  (Session info: chrome=131.0.6778.140)
For documentation on this error, please visit: https://www.selenium.dev/documentation/webdriver/troubleshooting/errors#no-such-element-exception
Build info: version: '4.22.0', revision: 'c5f3146703*'
System info: os.name: 'Windows 10', os.arch: 'amd64', os.version: '10.0', java.version: '17.0.2'
Driver info: org.openqa.selenium.chrome.ChromeDriver
Command: [46d4748e0fa73c8eeac3366639dd3753, findElement {using=xpath, value=(//a[text()='See Details'])[1]}]
Capabilities {acceptInsecureCerts: false, browserName: chrome, browserVersion: 131.0.6778.140, chrome: {chromedriverVersion: 131.0.6778.204 (52183f9e99a..., userDataDir: C:\Users\prerna\AppData\Loc...}, fedcm:accounts: true, goog:chromeOptions: {debuggerAddress: localhost:55992}, networkConnectionEnabled: false, pageLoadStrategy: normal, platformName: windows, proxy: Proxy(), se:cdp: ws://localhost:55992/devtoo..., se:cdpVersion: 131.0.6778.140, setWindowRect: true, strictFileInteractability: false, timeouts: {implicit: 0, pageLoad: 300000, script: 30000}, unhandledPromptBehavior: dismiss and notify, webauthn:extension:credBlob: true, webauthn:extension:largeBlob: true, webauthn:extension:minPinLength: true, webauthn:extension:prf: true, webauthn:virtualAuthenticators: true}
Session ID: 46d4748e0fa73c8eeac3366639dd3753
at java.base/jdk.internal.reflect.NativeConstructorAccessorImpl.newInstance0(Native Method)
at java.base/jdk.internal.reflect.NativeConstructorAccessorImpl.newInstance(NativeConstructorAccessorImpl.java:77)
at java.base/jdk.internal.reflect.DelegatingConstructorAccessorImpl.newInstance(DelegatingConstructorAccessorImpl.java:45)
at java.base/java.lang.reflect.Constructor.newInstanceWithCaller(Constructor.java:499)
at java.base/java.lang.reflect.Constructor.newInstance(Constructor.java:480)
at org.openqa.selenium.remote.ErrorCodec.decode(ErrorCodec.java:167)
at org.openqa.selenium.remote.codec.w3c.W3CHttpResponseCodec.decode(W3CHttpResponseCodec.java:138)
at org.openqa.selenium.remote.codec.w3c.W3CHttpResponseCodec.decode(W3CHttpResponseCodec.java:50)
at org.openqa.selenium.remote.HttpCommandExecutor.execute(HttpCommandExecutor.java:190)
at org.openqa.selenium.remote.service.DriverCommandExecutor.invokeExecute(DriverCommandExecutor.java:216)
at org.openqa.selenium.remote.service.DriverCommandExecutor.execute(DriverCommandExecutor.java:174)
at org.openqa.selenium.remote.RemoteWebDriver.execute(RemoteWebDriver.java:518)
at org.openqa.selenium.remote.ElementLocation$ElementFinder$2.findElement(ElementLocation.java:165)
at org.openqa.selenium.remote.ElementLocation.findElement(ElementLocation.java:59)
at org.openqa.selenium.remote.RemoteWebDriver.findElement(RemoteWebDriver.java:355)
at org.openqa.selenium.remote.RemoteWebDriver.findElement(RemoteWebDriver.java:349)
at org.openqa.selenium.support.pagefactory.DefaultElementLocator.findElement(DefaultElementLocator.java:68)
at org.openqa.selenium.support.pagefactory.internal.LocatingElementHandler.invoke(LocatingElementHandler.java:38)
at jdk.proxy2/jdk.proxy2.$Proxy19.click(Unknown Source)
at pages.ShoppingCart.ValidateSearchAndAdd(ShoppingCart.java:77)
at test.TC006_ValidateSearchAndAdd.ValidateShoingCart(TC006_ValidateSearchAndAdd.java:26)
at java.base/jdk.internal.reflect.NativeMethodAccessorImpl.invoke0(Native Method)
at java.base/jdk.internal.reflect.NativeMethodAccessorImpl.invoke(NativeMethodAccessorImpl.java:77)
at java.base/jdk.internal.reflect.DelegatingMethodAccessorImpl.invoke(DelegatingMethodAccessorImpl.java:43)
at java.base/java.lang.reflect.Method.invoke(Method.java:568)
at org.testng.internal.invokers.MethodInvocationHelper.invokeMethod(MethodInvocationHelper.java:141)
at org.testng.internal.invokers.TestInvoker.invokeMethod(TestInvoker.java:686)
at org.testng.internal.invokers.TestInvoker.invokeTestMethod(TestInvoker.java:230)
at org.testng.internal.invokers.MethodRunner.runInSequence(MethodRunner.java:63)
at org.testng.internal.invokers.TestInvoker$MethodInvocationAgent.invoke(TestInvoker.java:992)
at org.testng.internal.invokers.TestInvoker.invokeTestMethods(TestInvoker.java:203)
at org.testng.internal.invokers.TestMethodWorker.invokeTestMethods(TestMethodWorker.java:154)
at org.testng.internal.invokers.TestMethodWorker.run(TestMethodWorker.java:134)
at java.base/java.util.ArrayList.forEach(ArrayList.java:1511)
at org.testng.TestRunner.privateRun(TestRunner.java:739)
at org.testng.TestRunner.run(TestRunner.java:614)
at org.testng.SuiteRunner.runTest(SuiteRunner.java:421)
at org.testng.SuiteRunner.runSequentially(SuiteRunner.java:413)
at org.testng.SuiteRunner.privateRun(SuiteRunner.java:373)
at org.testng.SuiteRunner.run(SuiteRunner.java:312)
at org.testng.SuiteRunnerWorker.runSuite(SuiteRunnerWorker.java:52)
at org.testng.SuiteRunnerWorker.run(SuiteRunnerWorker.java:95)
at org.testng.TestNG.runSuitesSequentially(TestNG.java:1274)
at org.testng.TestNG.runSuitesLocally(TestNG.java:1208)
at org.testng.TestNG.runSuites(TestNG.java:1112)
at org.testng.TestNG.run(TestNG.java:1079)
at org.apache.maven.surefire.testng.TestNGExecutor.run(TestNGExecutor.java:308)
at org.apache.maven.surefire.testng.TestNGXmlTestSuite.execute(TestNGXmlTestSuite.java:71)
at org.apache.maven.surefire.testng.TestNGProvider.invoke(TestNGProvider.java:113)
at org.apache.maven.surefire.booter.ForkedBooter.runSuitesInProcess(ForkedBooter.java:385)
at org.apache.maven.surefire.booter.ForkedBooter.execute(ForkedBooter.java:162)
at org.apache.maven.surefire.booter.ForkedBooter.run(ForkedBooter.java:507)
at org.apache.maven.surefire.booter.ForkedBooter.main(ForkedBooter.java:495)
]]>
            </full-stacktrace>
          </exception> <!-- org.openqa.selenium.NoSuchElementException -->
          <reporter-output>
          </reporter-output>
        </test-method> <!-- ValidateShoingCart -->
        <test-method is-config="true" signature="closeBrowser()[pri:0, instance:test.TC006_ValidateSearchAndAdd@4a83a74a]" started-at="2024-12-19T17:54:47 IST" name="closeBrowser" finished-at="2024-12-19T17:54:48 IST" duration-ms="734" status="PASS">
          <reporter-output>
          </reporter-output>
        </test-method> <!-- closeBrowser -->
      </class> <!-- test.TC006_ValidateSearchAndAdd -->
    </test> <!-- Test -->
  </suite> <!-- Suite -->
</testng-results>
